2026-04-30 11:52:31.711 +03:00 [ERR] Failed executing DbCommand (41ms) [Parameters=[@p0='?' (DbType = Guid), @p1='?' (DbType = Double), @p2='?' (Size = 4000), @p3='?' (DbType = Guid), @p4='?' (DbType = DateTime2), @p5='?' (DbType = DateTime2), @p6='?' (Size = 4000), @p7='?' (Size = 4000), @p8='?' (Precision = 18) (Scale = 2) (DbType = Decimal), @p9='?' (DbType = Boolean), @p10='?' (DbType = Boolean), @p11='?' (DbType = Boolean), @p12='?' (Size = 4000), @p13='?' (Size = 4000), @p14='?' (Size = 4000), @p15='?' (Precision = 18) (Scale = 2) (DbType = Decimal), @p16='?' (DbType = Int32), @p17='?' (Size = 450), @p18='?' (Size = 450), @p19='?' (DbType = Int32), @p20='?' (DbType = Int32), @p21='?' (DbType = DateTime2), @p22='?' (DbType = Int32), @p23='?' (DbType = Guid), @p24='?' (DbType = Double), @p25='?' (Size = 4000), @p26='?' (DbType = Guid), @p27='?' (DbType = DateTime2), @p28='?' (DbType = DateTime2), @p29='?' (Size = 4000), @p30='?' (Size = 4000), @p31='?' (Precision = 18) (Scale = 2) (DbType = Decimal), @p32='?' (DbType = Boolean), @p33='?' (DbType = Boolean), @p34='?' (DbType = Boolean), @p35='?' (Size = 4000), @p36='?' (Size = 4000), @p37='?' (Size = 4000), @p38='?' (Precision = 18) (Scale = 2) (DbType = Decimal), @p39='?' (DbType = Int32), @p40='?' (Size = 450), @p41='?' (Size = 450), @p42='?' (DbType = Int32), @p43='?' (DbType = Int32), @p44='?' (DbType = DateTime2), @p45='?' (DbType = Int32), @p46='?' (DbType = Guid), @p47='?' (DbType = Double), @p48='?' (Size = 4000), @p49='?' (DbType = Guid), @p50='?' (DbType = DateTime2), @p51='?' (DbType = DateTime2), @p52='?' (Size = 4000), @p53='?' (Size = 4000), @p54='?' (Precision = 18) (Scale = 2) (DbType = Decimal), @p55='?' (DbType = Boolean), @p56='?' (DbType = Boolean), @p57='?' (DbType = Boolean), @p58='?' (Size = 4000), @p59='?' (Size = 4000), @p60='?' (Size = 4000), @p61='?' (Precision = 18) (Scale = 2) (DbType = Decimal), @p62='?' (DbType = Int32), @p63='?' (Size = 450), @p64='?' (Size = 450), @p65='?' (DbType = Int32), @p66='?' (DbType = Int32), @p67='?' (DbType = DateTime2), @p68='?' (DbType = Int32), @p69='?' (DbType = Guid), @p70='?' (DbType = Double), @p71='?' (Size = 4000), @p72='?' (DbType = Guid), @p73='?' (DbType = DateTime2), @p74='?' (DbType = DateTime2), @p75='?' (Size = 4000), @p76='?' (Size = 4000), @p77='?' (Precision = 18) (Scale = 2) (DbType = Decimal), @p78='?' (DbType = Boolean), @p79='?' (DbType = Boolean), @p80='?' (DbType = Boolean), @p81='?' (Size = 4000), @p82='?' (Size = 4000), @p83='?' (Size = 4000), @p84='?' (Precision = 18) (Scale = 2) (DbType = Decimal), @p85='?' (DbType = Int32), @p86='?' (Size = 450), @p87='?' (Size = 450), @p88='?' (DbType = Int32), @p89='?' (DbType = Int32), @p90='?' (DbType = DateTime2), @p91='?' (DbType = Int32), @p92='?' (DbType = Guid), @p93='?' (DbType = Double), @p94='?' (Size = 4000), @p95='?' (DbType = Guid), @p96='?' (DbType = DateTime2), @p97='?' (DbType = DateTime2), @p98='?' (Size = 4000), @p99='?' (Size = 4000), @p100='?' (Precision = 18) (Scale = 2) (DbType = Decimal), @p101='?' (DbType = Boolean), @p102='?' (DbType = Boolean), @p103='?' (DbType = Boolean), @p104='?' (Size = 4000), @p105='?' (Size = 4000), @p106='?' (Size = 4000), @p107='?' (Precision = 18) (Scale = 2) (DbType = Decimal), @p108='?' (DbType = Int32), @p109='?' (Size = 450), @p110='?' (Size = 450), @p111='?' (DbType = Int32), @p112='?' (DbType = Int32), @p113='?' (DbType = DateTime2), @p114='?' (DbType = Int32), @p115='?' (DbType = Guid), @p116='?' (DbType = Double), @p117='?' (Size = 4000), @p118='?' (DbType = Guid), @p119='?' (DbType = DateTime2), @p120='?' (DbType = DateTime2), @p121='?' (Size = 4000), @p122='?' (Size = 4000), @p123='?' (Precision = 18) (Scale = 2) (DbType = Decimal), @p124='?' (DbType = Boolean), @p125='?' (DbType = Boolean), @p126='?' (DbType = Boolean), @p127='?' (Size = 4000), @p128='?' (Size = 4000), @p129='?' (Size = 4000), @p130='?' (Precision = 18) (Scale = 2) (DbType = Decimal), @p131='?' (DbType = Int32), @p132='?' (Size = 450), @p133='?' (Size = 450), @p134='?' (DbType = Int32), @p135='?' (DbType = Int32), @p136='?' (DbType = DateTime2), @p137='?' (DbType = Int32), @p138='?' (DbType = Guid), @p139='?' (DbType = Double), @p140='?' (Size = 4000), @p141='?' (DbType = Guid), @p142='?' (DbType = DateTime2), @p143='?' (DbType = DateTime2), @p144='?' (Size = 4000), @p145='?' (Size = 4000), @p146='?' (Precision = 18) (Scale = 2) (DbType = Decimal), @p147='?' (DbType = Boolean), @p148='?' (DbType = Boolean), @p149='?' (DbType = Boolean), @p150='?' (Size = 4000), @p151='?' (Size = 4000), @p152='?' (Size = 4000), @p153='?' (Precision = 18) (Scale = 2) (DbType = Decimal), @p154='?' (DbType = Int32), @p155='?' (Size = 450), @p156='?' (Size = 450), @p157='?' (DbType = Int32), @p158='?' (DbType = Int32), @p159='?' (DbType = DateTime2), @p160='?' (DbType = Int32), @p161='?' (DbType = Guid), @p162='?' (DbType = Double), @p163='?' (Size = 4000), @p164='?' (DbType = Guid), @p165='?' (DbType = DateTime2), @p166='?' (DbType = DateTime2), @p167='?' (Size = 4000), @p168='?' (Size = 4000), @p169='?' (Precision = 18) (Scale = 2) (DbType = Decimal), @p170='?' (DbType = Boolean), @p171='?' (DbType = Boolean), @p172='?' (DbType = Boolean), @p173='?' (Size = 4000), @p174='?' (Size = 4000), @p175='?' (Size = 4000), @p176='?' (Precision = 18) (Scale = 2) (DbType = Decimal), @p177='?' (DbType = Int32), @p178='?' (Size = 450), @p179='?' (Size = 450), @p180='?' (DbType = Int32), @p181='?' (DbType = Int32), @p182='?' (DbType = DateTime2), @p183='?' (DbType = Int32), @p184='?' (DbType = Guid), @p185='?' (DbType = Double), @p186='?' (Size = 4000), @p187='?' (DbType = Guid), @p188='?' (DbType = DateTime2), @p189='?' (DbType = DateTime2), @p190='?' (Size = 4000), @p191='?' (Size = 4000), @p192='?' (Precision = 18) (Scale = 2) (DbType = Decimal), @p193='?' (DbType = Boolean), @p194='?' (DbType = Boolean), @p195='?' (DbType = Boolean), @p196='?' (Size = 4000), @p197='?' (Size = 4000), @p198='?' (Size = 4000), @p199='?' (Precision = 18) (Scale = 2) (DbType = Decimal), @p200='?' (DbType = Int32), @p201='?' (Size = 450), @p202='?' (Size = 450), @p203='?' (DbType = Int32), @p204='?' (DbType = Int32), @p205='?' (DbType = DateTime2), @p206='?' (DbType = Int32), @p207='?' (DbType = Guid), @p208='?' (DbType = Double), @p209='?' (Size = 4000), @p210='?' (DbType = Guid), @p211='?' (DbType = DateTime2), @p212='?' (DbType = DateTime2), @p213='?' (Size = 4000), @p214='?' (Size = 4000), @p215='?' (Precision = 18) (Scale = 2) (DbType = Decimal), @p216='?' (DbType = Boolean), @p217='?' (DbType = Boolean), @p218='?' (DbType = Boolean), @p219='?' (Size = 4000), @p220='?' (Size = 4000), @p221='?' (Size = 4000), @p222='?' (Precision = 18) (Scale = 2) (DbType = Decimal), @p223='?' (DbType = Int32), @p224='?' (Size = 450), @p225='?' (Size = 450), @p226='?' (DbType = Int32), @p227='?' (DbType = Int32), @p228='?' (DbType = DateTime2), @p229='?' (DbType = Int32), @p230='?' (DbType = Guid), @p231='?' (DbType = Double), @p232='?' (Size = 4000), @p233='?' (DbType = Guid), @p234='?' (DbType = DateTime2), @p235='?' (DbType = DateTime2), @p236='?' (Size = 4000), @p237='?' (Size = 4000), @p238='?' (Precision = 18) (Scale = 2) (DbType = Decimal), @p239='?' (DbType = Boolean), @p240='?' (DbType = Boolean), @p241='?' (DbType = Boolean), @p242='?' (Size = 4000), @p243='?' (Size = 4000), @p244='?' (Size = 4000), @p245='?' (Precision = 18) (Scale = 2) (DbType = Decimal), @p246='?' (DbType = Int32), @p247='?' (Size = 450), @p248='?' (Size = 450), @p249='?' (DbType = Int32), @p250='?' (DbType = Int32), @p251='?' (DbType = DateTime2), @p252='?' (DbType = Int32), @p253='?' (DbType = Guid), @p254='?' (DbType = Double), @p255='?' (Size = 4000), @p256='?' (DbType = Guid), @p257='?' (DbType = DateTime2), @p258='?' (DbType = DateTime2), @p259='?' (Size = 4000), @p260='?' (Size = 4000), @p261='?' (Precision = 18) (Scale = 2) (DbType = Decimal), @p262='?' (DbType = Boolean), @p263='?' (DbType = Boolean), @p264='?' (DbType = Boolean), @p265='?' (Size = 4000), @p266='?' (Size = 4000), @p267='?' (Size = 4000), @p268='?' (Precision = 18) (Scale = 2) (DbType = Decimal), @p269='?' (DbType = Int32), @p270='?' (Size = 450), @p271='?' (Size = 450), @p272='?' (DbType = Int32), @p273='?' (DbType = Int32), @p274='?' (DbType = DateTime2), @p275='?' (DbType = Int32), @p276='?' (DbType = Guid), @p277='?' (DbType = Double), @p278='?' (Size = 4000), @p279='?' (DbType = Guid), @p280='?' (DbType = DateTime2), @p281='?' (DbType = DateTime2), @p282='?' (Size = 4000), @p283='?' (Size = 4000), @p284='?' (Precision = 18) (Scale = 2) (DbType = Decimal), @p285='?' (DbType = Boolean), @p286='?' (DbType = Boolean), @p287='?' (DbType = Boolean), @p288='?' (Size = 4000), @p289='?' (Size = 4000), @p290='?' (Size = 4000), @p291='?' (Precision = 18) (Scale = 2) (DbType = Decimal), @p292='?' (DbType = Int32), @p293='?' (Size = 450), @p294='?' (Size = 450), @p295='?' (DbType = Int32), @p296='?' (DbType = Int32), @p297='?' (DbType = DateTime2), @p298='?' (DbType = Int32), @p299='?' (DbType = Guid), @p300='?' (DbType = Double), @p301='?' (Size = 4000), @p302='?' (DbType = Guid), @p303='?' (DbType = DateTime2), @p304='?' (DbType = DateTime2), @p305='?' (Size = 4000), @p306='?' (Size = 4000), @p307='?' (Precision = 18) (Scale = 2) (DbType = Decimal), @p308='?' (DbType = Boolean), @p309='?' (DbType = Boolean), @p310='?' (DbType = Boolean), @p311='?' (Size = 4000), @p312='?' (Size = 4000), @p313='?' (Size = 4000), @p314='?' (Precision = 18) (Scale = 2) (DbType = Decimal), @p315='?' (DbType = Int32), @p316='?' (Size = 450), @p317='?' (Size = 450), @p318='?' (DbType = Int32), @p319='?' (DbType = Int32), @p320='?' (DbType = DateTime2), @p321='?' (DbType = Int32), @p322='?' (DbType = Guid), @p323='?' (DbType = Double), @p324='?' (Size = 4000), @p325='?' (DbType = Guid), @p326='?' (DbType = DateTime2), @p327='?' (DbType = DateTime2), @p328='?' (Size = 4000), @p329='?' (Size = 4000), @p330='?' (Precision = 18) (Scale = 2) (DbType = Decimal), @p331='?' (DbType = Boolean), @p332='?' (DbType = Boolean), @p333='?' (DbType = Boolean), @p334='?' (Size = 4000), @p335='?' (Size = 4000), @p336='?' (Size = 4000), @p337='?' (Precision = 18) (Scale = 2) (DbType = Decimal), @p338='?' (DbType = Int32), @p339='?' (Size = 450), @p340='?' (Size = 450), @p341='?' (DbType = Int32), @p342='?' (DbType = Int32), @p343='?' (DbType = DateTime2), @p344='?' (DbType = Int32), @p345='?' (DbType = Guid), @p346='?' (DbType = Double), @p347='?' (Size = 4000), @p348='?' (DbType = Guid), @p349='?' (DbType = DateTime2), @p350='?' (DbType = DateTime2), @p351='?' (Size = 4000), @p352='?' (Size = 4000), @p353='?' (Precision = 18) (Scale = 2) (DbType = Decimal), @p354='?' (DbType = Boolean), @p355='?' (DbType = Boolean), @p356='?' (DbType = Boolean), @p357='?' (Size = 4000), @p358='?' (Size = 4000), @p359='?' (Size = 4000), @p360='?' (Precision = 18) (Scale = 2) (DbType = Decimal), @p361='?' (DbType = Int32), @p362='?' (Size = 450), @p363='?' (Size = 450), @p364='?' (DbType = Int32), @p365='?' (DbType = Int32), @p366='?' (DbType = DateTime2), @p367='?' (DbType = Int32), @p368='?' (DbType = Guid), @p369='?' (DbType = Double), @p370='?' (Size = 4000), @p371='?' (DbType = Guid), @p372='?' (DbType = DateTime2), @p373='?' (DbType = DateTime2), @p374='?' (Size = 4000), @p375='?' (Size = 4000), @p376='?' (Precision = 18) (Scale = 2) (DbType = Decimal), @p377='?' (DbType = Boolean), @p378='?' (DbType = Boolean), @p379='?' (DbType = Boolean), @p380='?' (Size = 4000), @p381='?' (Size = 4000), @p382='?' (Size = 4000), @p383='?' (Precision = 18) (Scale = 2) (DbType = Decimal), @p384='?' (DbType = Int32), @p385='?' (Size = 450), @p386='?' (Size = 450), @p387='?' (DbType = Int32), @p388='?' (DbType = Int32), @p389='?' (DbType = DateTime2), @p390='?' (DbType = Int32), @p391='?' (DbType = Guid), @p392='?' (DbType = Double), @p393='?' (Size = 4000), @p394='?' (DbType = Guid), @p395='?' (DbType = DateTime2), @p396='?' (DbType = DateTime2), @p397='?' (Size = 4000), @p398='?' (Size = 4000), @p399='?' (Precision = 18) (Scale = 2) (DbType = Decimal), @p400='?' (DbType = Boolean), @p401='?' (DbType = Boolean), @p402='?' (DbType = Boolean), @p403='?' (Size = 4000), @p404='?' (Size = 4000), @p405='?' (Size = 4000), @p406='?' (Precision = 18) (Scale = 2) (DbType = Decimal), @p407='?' (DbType = Int32), @p408='?' (Size = 450), @p409='?' (Size = 450), @p410='?' (DbType = Int32), @p411='?' (DbType = Int32), @p412='?' (DbType = DateTime2), @p413='?' (DbType = Int32), @p414='?' (DbType = Guid), @p415='?' (DbType = Double), @p416='?' (Size = 4000), @p417='?' (DbType = Guid), @p418='?' (DbType = DateTime2), @p419='?' (DbType = DateTime2), @p420='?' (Size = 4000), @p421='?' (Size = 4000), @p422='?' (Precision = 18) (Scale = 2) (DbType = Decimal), @p423='?' (DbType = Boolean), @p424='?' (DbType = Boolean), @p425='?' (DbType = Boolean), @p426='?' (Size = 4000), @p427='?' (Size = 4000), @p428='?' (Size = 4000), @p429='?' (Precision = 18) (Scale = 2) (DbType = Decimal), @p430='?' (DbType = Int32), @p431='?' (Size = 450), @p432='?' (Size = 450), @p433='?' (DbType = Int32), @p434='?' (DbType = Int32), @p435='?' (DbType = DateTime2), @p436='?' (DbType = Int32), @p437='?' (DbType = Guid), @p438='?' (DbType = Double), @p439='?' (Size = 4000), @p440='?' (DbType = Guid), @p441='?' (DbType = DateTime2), @p442='?' (DbType = DateTime2), @p443='?' (Size = 4000), @p444='?' (Size = 4000), @p445='?' (Precision = 18) (Scale = 2) (DbType = Decimal), @p446='?' (DbType = Boolean), @p447='?' (DbType = Boolean), @p448='?' (DbType = Boolean), @p449='?' (Size = 4000), @p450='?' (Size = 4000), @p451='?' (Size = 4000), @p452='?' (Precision = 18) (Scale = 2) (DbType = Decimal), @p453='?' (DbType = Int32), @p454='?' (Size = 450), @p455='?' (Size = 450), @p456='?' (DbType = Int32), @p457='?' (DbType = Int32), @p458='?' (DbType = DateTime2), @p459='?' (DbType = Int32)], CommandType='"Text"', CommandTimeout='30']
SET IMPLICIT_TRANSACTIONS OFF;
SET NOCOUNT ON;
INSERT INTO [Products] ([Id], [AverageRating], [Brand], [CategoryId], [CreatedAt], [DeletedAt], [Description], [DescriptionAr], [DiscountPrice], [IsActive], [IsDeleted], [IsFeatured], [MainImageUrl], [Name], [NameAr], [Price], [ReviewCount], [SKU], [Slug], [SoldCount], [StockQuantity], [UpdatedAt], [ViewCount])
VALUES (@p0, @p1, @p2, @p3, @p4, @p5, @p6, @p7, @p8, @p9, @p10, @p11, @p12, @p13, @p14, @p15, @p16, @p17, @p18, @p19, @p20, @p21, @p22),
(@p23, @p24, @p25, @p26, @p27, @p28, @p29, @p30, @p31, @p32, @p33, @p34, @p35, @p36, @p37, @p38, @p39, @p40, @p41, @p42, @p43, @p44, @p45),
(@p46, @p47, @p48, @p49, @p50, @p51, @p52, @p53, @p54, @p55, @p56, @p57, @p58, @p59, @p60, @p61, @p62, @p63, @p64, @p65, @p66, @p67, @p68),
(@p69, @p70, @p71, @p72, @p73, @p74, @p75, @p76, @p77, @p78, @p79, @p80, @p81, @p82, @p83, @p84, @p85, @p86, @p87, @p88, @p89, @p90, @p91),
(@p92, @p93, @p94, @p95, @p96, @p97, @p98, @p99, @p100, @p101, @p102, @p103, @p104, @p105, @p106, @p107, @p108, @p109, @p110, @p111, @p112, @p113, @p114),
(@p115, @p116, @p117, @p118, @p119, @p120, @p121, @p122, @p123, @p124, @p125, @p126, @p127, @p128, @p129, @p130, @p131, @p132, @p133, @p134, @p135, @p136, @p137),
(@p138, @p139, @p140, @p141, @p142, @p143, @p144, @p145, @p146, @p147, @p148, @p149, @p150, @p151, @p152, @p153, @p154, @p155, @p156, @p157, @p158, @p159, @p160),
(@p161, @p162, @p163, @p164, @p165, @p166, @p167, @p168, @p169, @p170, @p171, @p172, @p173, @p174, @p175, @p176, @p177, @p178, @p179, @p180, @p181, @p182, @p183),
(@p184, @p185, @p186, @p187, @p188, @p189, @p190, @p191, @p192, @p193, @p194, @p195, @p196, @p197, @p198, @p199, @p200, @p201, @p202, @p203, @p204, @p205, @p206),
(@p207, @p208, @p209, @p210, @p211, @p212, @p213, @p214, @p215, @p216, @p217, @p218, @p219, @p220, @p221, @p222, @p223, @p224, @p225, @p226, @p227, @p228, @p229),
(@p230, @p231, @p232, @p233, @p234, @p235, @p236, @p237, @p238, @p239, @p240, @p241, @p242, @p243, @p244, @p245, @p246, @p247, @p248, @p249, @p250, @p251, @p252),
(@p253, @p254, @p255, @p256, @p257, @p258, @p259, @p260, @p261, @p262, @p263, @p264, @p265, @p266, @p267, @p268, @p269, @p270, @p271, @p272, @p273, @p274, @p275),
(@p276, @p277, @p278, @p279, @p280, @p281, @p282, @p283, @p284, @p285, @p286, @p287, @p288, @p289, @p290, @p291, @p292, @p293, @p294, @p295, @p296, @p297, @p298),
(@p299, @p300, @p301, @p302, @p303, @p304, @p305, @p306, @p307, @p308, @p309, @p310, @p311, @p312, @p313, @p314, @p315, @p316, @p317, @p318, @p319, @p320, @p321),
(@p322, @p323, @p324, @p325, @p326, @p327, @p328, @p329, @p330, @p331, @p332, @p333, @p334, @p335, @p336, @p337, @p338, @p339, @p340, @p341, @p342, @p343, @p344),
(@p345, @p346, @p347, @p348, @p349, @p350, @p351, @p352, @p353, @p354, @p355, @p356, @p357, @p358, @p359, @p360, @p361, @p362, @p363, @p364, @p365, @p366, @p367),
(@p368, @p369, @p370, @p371, @p372, @p373, @p374, @p375, @p376, @p377, @p378, @p379, @p380, @p381, @p382, @p383, @p384, @p385, @p386, @p387, @p388, @p389, @p390),
(@p391, @p392, @p393, @p394, @p395, @p396, @p397, @p398, @p399, @p400, @p401, @p402, @p403, @p404, @p405, @p406, @p407, @p408, @p409, @p410, @p411, @p412, @p413),
(@p414, @p415, @p416, @p417, @p418, @p419, @p420, @p421, @p422, @p423, @p424, @p425, @p426, @p427, @p428, @p429, @p430, @p431, @p432, @p433, @p434, @p435, @p436),
(@p437, @p438, @p439, @p440, @p441, @p442, @p443, @p444, @p445, @p446, @p447, @p448, @p449, @p450, @p451, @p452, @p453, @p454, @p455, @p456, @p457, @p458, @p459);
2026-04-30 11:52:31.868 +03:00 [ERR] An exception occurred in the database while saving changes for context type 'Titan.Infrastructure.Data.ApplicationDbContext'.
Microsoft.EntityFrameworkCore.DbUpdateException: An error occurred while saving the entity changes. See the inner exception for details.
 ---> Microsoft.Data.SqlClient.SqlException (0x80131904): Cannot insert duplicate key row in object 'dbo.Products' with unique index 'IX_Products_Slug'. The duplicate key value is ().
The statement has been terminated.
   at Microsoft.Data.SqlClient.SqlCommand.<>c.<ExecuteDbDataReaderAsync>b__211_0(Task`1 result)
   at System.Threading.Tasks.ContinuationResultTaskFromResultTask`2.InnerInvoke()
   at System.Threading.ExecutionContext.RunInternal(ExecutionContext executionContext, ContextCallback callback, Object state)
--- End of stack trace from previous location ---
   at System.Threading.ExecutionContext.RunInternal(ExecutionContext executionContext, ContextCallback callback, Object state)
   at System.Threading.Tasks.Task.ExecuteWithThreadLocal(Task& currentTaskSlot, Thread threadPoolThread)
--- End of stack trace from previous location ---
   at Microsoft.EntityFrameworkCore.Storage.RelationalCommand.ExecuteReaderAsync(RelationalCommandParameterObject parameterObject, CancellationToken cancellationToken)
   at Microsoft.EntityFrameworkCore.Storage.RelationalCommand.ExecuteReaderAsync(RelationalCommandParameterObject parameterObject, CancellationToken cancellationToken)
   at Microsoft.EntityFrameworkCore.Update.ReaderModificationCommandBatch.ExecuteAsync(IRelationalConnection connection, CancellationToken cancellationToken)
ClientConnectionId:24e1ab4e-6e66-4aa6-911f-ad1d8441d25b
Error Number:2601,State:1,Class:14
   --- End of inner exception stack trace ---
   at Microsoft.EntityFrameworkCore.Update.ReaderModificationCommandBatch.ExecuteAsync(IRelationalConnection connection, CancellationToken cancellationToken)
   at Microsoft.EntityFrameworkCore.SqlServer.Update.Internal.SqlServerModificationCommandBatch.ExecuteAsync(IRelationalConnection connection, CancellationToken cancellationToken)
   at Microsoft.EntityFrameworkCore.Update.Internal.BatchExecutor.ExecuteAsync(IEnumerable`1 commandBatches, IRelationalConnection connection, CancellationToken cancellationToken)
   at Microsoft.EntityFrameworkCore.Update.Internal.BatchExecutor.ExecuteAsync(IEnumerable`1 commandBatches, IRelationalConnection connection, CancellationToken cancellationToken)
   at Microsoft.EntityFrameworkCore.Update.Internal.BatchExecutor.ExecuteAsync(IEnumerable`1 commandBatches, IRelationalConnection connection, CancellationToken cancellationToken)
   at Microsoft.EntityFrameworkCore.Storage.RelationalDatabase.SaveChangesAsync(IList`1 entries, CancellationToken cancellationToken)
   at Microsoft.EntityFrameworkCore.ChangeTracking.Internal.StateManager.SaveChangesAsync(IList`1 entriesToSave, CancellationToken cancellationToken)
   at Microsoft.EntityFrameworkCore.ChangeTracking.Internal.StateManager.SaveChangesAsync(StateManager stateManager, Boolean acceptAllChangesOnSuccess, CancellationToken cancellationToken)
   at Microsoft.EntityFrameworkCore.Storage.ExecutionStrategy.<>c__DisplayClass30_0`2.<<ExecuteAsync>b__0>d.MoveNext()
--- End of stack trace from previous location ---
   at Microsoft.EntityFrameworkCore.Storage.ExecutionStrategy.ExecuteImplementationAsync[TState,TResult](Func`4 operation, Func`4 verifySucceeded, TState state, CancellationToken cancellationToken)
   at Microsoft.EntityFrameworkCore.Storage.ExecutionStrategy.ExecuteImplementationAsync[TState,TResult](Func`4 operation, Func`4 verifySucceeded, TState state, CancellationToken cancellationToken)
   at Microsoft.EntityFrameworkCore.Storage.ExecutionStrategy.ExecuteAsync[TState,TResult](TState state, Func`4 operation, Func`4 verifySucceeded, CancellationToken cancellationToken)
   at Microsoft.EntityFrameworkCore.DbContext.SaveChangesAsync(Boolean acceptAllChangesOnSuccess, CancellationToken cancellationToken)
Microsoft.EntityFrameworkCore.DbUpdateException: An error occurred while saving the entity changes. See the inner exception for details.
 ---> Microsoft.Data.SqlClient.SqlException (0x80131904): Cannot insert duplicate key row in object 'dbo.Products' with unique index 'IX_Products_Slug'. The duplicate key value is ().
The statement has been terminated.
   at Microsoft.Data.SqlClient.SqlCommand.<>c.<ExecuteDbDataReaderAsync>b__211_0(Task`1 result)
   at System.Threading.Tasks.ContinuationResultTaskFromResultTask`2.InnerInvoke()
   at System.Threading.ExecutionContext.RunInternal(ExecutionContext executionContext, ContextCallback callback, Object state)
--- End of stack trace from previous location ---
   at System.Threading.ExecutionContext.RunInternal(ExecutionContext executionContext, ContextCallback callback, Object state)
   at System.Threading.Tasks.Task.ExecuteWithThreadLocal(Task& currentTaskSlot, Thread threadPoolThread)
--- End of stack trace from previous location ---
   at Microsoft.EntityFrameworkCore.Storage.RelationalCommand.ExecuteReaderAsync(RelationalCommandParameterObject parameterObject, CancellationToken cancellationToken)
   at Microsoft.EntityFrameworkCore.Storage.RelationalCommand.ExecuteReaderAsync(RelationalCommandParameterObject parameterObject, CancellationToken cancellationToken)
   at Microsoft.EntityFrameworkCore.Update.ReaderModificationCommandBatch.ExecuteAsync(IRelationalConnection connection, CancellationToken cancellationToken)
ClientConnectionId:24e1ab4e-6e66-4aa6-911f-ad1d8441d25b
Error Number:2601,State:1,Class:14
   --- End of inner exception stack trace ---
   at Microsoft.EntityFrameworkCore.Update.ReaderModificationCommandBatch.ExecuteAsync(IRelationalConnection connection, CancellationToken cancellationToken)
   at Microsoft.EntityFrameworkCore.SqlServer.Update.Internal.SqlServerModificationCommandBatch.ExecuteAsync(IRelationalConnection connection, CancellationToken cancellationToken)
   at Microsoft.EntityFrameworkCore.Update.Internal.BatchExecutor.ExecuteAsync(IEnumerable`1 commandBatches, IRelationalConnection connection, CancellationToken cancellationToken)
   at Microsoft.EntityFrameworkCore.Update.Internal.BatchExecutor.ExecuteAsync(IEnumerable`1 commandBatches, IRelationalConnection connection, CancellationToken cancellationToken)
   at Microsoft.EntityFrameworkCore.Update.Internal.BatchExecutor.ExecuteAsync(IEnumerable`1 commandBatches, IRelationalConnection connection, CancellationToken cancellationToken)
   at Microsoft.EntityFrameworkCore.Storage.RelationalDatabase.SaveChangesAsync(IList`1 entries, CancellationToken cancellationToken)
   at Microsoft.EntityFrameworkCore.ChangeTracking.Internal.StateManager.SaveChangesAsync(IList`1 entriesToSave, CancellationToken cancellationToken)
   at Microsoft.EntityFrameworkCore.ChangeTracking.Internal.StateManager.SaveChangesAsync(StateManager stateManager, Boolean acceptAllChangesOnSuccess, CancellationToken cancellationToken)
   at Microsoft.EntityFrameworkCore.Storage.ExecutionStrategy.<>c__DisplayClass30_0`2.<<ExecuteAsync>b__0>d.MoveNext()
--- End of stack trace from previous location ---
   at Microsoft.EntityFrameworkCore.Storage.ExecutionStrategy.ExecuteImplementationAsync[TState,TResult](Func`4 operation, Func`4 verifySucceeded, TState state, CancellationToken cancellationToken)
   at Microsoft.EntityFrameworkCore.Storage.ExecutionStrategy.ExecuteImplementationAsync[TState,TResult](Func`4 operation, Func`4 verifySucceeded, TState state, CancellationToken cancellationToken)
   at Microsoft.EntityFrameworkCore.Storage.ExecutionStrategy.ExecuteAsync[TState,TResult](TState state, Func`4 operation, Func`4 verifySucceeded, CancellationToken cancellationToken)
   at Microsoft.EntityFrameworkCore.DbContext.SaveChangesAsync(Boolean acceptAllChangesOnSuccess, CancellationToken cancellationToken)
2026-04-30 11:52:33.359 +03:00 [ERR] An error occurred during database seeding.
Microsoft.EntityFrameworkCore.DbUpdateException: An error occurred while saving the entity changes. See the inner exception for details.
 ---> Microsoft.Data.SqlClient.SqlException (0x80131904): Cannot insert duplicate key row in object 'dbo.Products' with unique index 'IX_Products_Slug'. The duplicate key value is ().
The statement has been terminated.
   at Microsoft.Data.SqlClient.SqlCommand.<>c.<ExecuteDbDataReaderAsync>b__211_0(Task`1 result)
   at System.Threading.Tasks.ContinuationResultTaskFromResultTask`2.InnerInvoke()
   at System.Threading.ExecutionContext.RunInternal(ExecutionContext executionContext, ContextCallback callback, Object state)
--- End of stack trace from previous location ---
   at System.Threading.ExecutionContext.RunInternal(ExecutionContext executionContext, ContextCallback callback, Object state)
   at System.Threading.Tasks.Task.ExecuteWithThreadLocal(Task& currentTaskSlot, Thread threadPoolThread)
--- End of stack trace from previous location ---
   at Microsoft.EntityFrameworkCore.Storage.RelationalCommand.ExecuteReaderAsync(RelationalCommandParameterObject parameterObject, CancellationToken cancellationToken)
   at Microsoft.EntityFrameworkCore.Storage.RelationalCommand.ExecuteReaderAsync(RelationalCommandParameterObject parameterObject, CancellationToken cancellationToken)
   at Microsoft.EntityFrameworkCore.Update.ReaderModificationCommandBatch.ExecuteAsync(IRelationalConnection connection, CancellationToken cancellationToken)
ClientConnectionId:24e1ab4e-6e66-4aa6-911f-ad1d8441d25b
Error Number:2601,State:1,Class:14
   --- End of inner exception stack trace ---
   at Microsoft.EntityFrameworkCore.Update.ReaderModificationCommandBatch.ExecuteAsync(IRelationalConnection connection, CancellationToken cancellationToken)
   at Microsoft.EntityFrameworkCore.SqlServer.Update.Internal.SqlServerModificationCommandBatch.ExecuteAsync(IRelationalConnection connection, CancellationToken cancellationToken)
   at Microsoft.EntityFrameworkCore.Update.Internal.BatchExecutor.ExecuteAsync(IEnumerable`1 commandBatches, IRelationalConnection connection, CancellationToken cancellationToken)
   at Microsoft.EntityFrameworkCore.Update.Internal.BatchExecutor.ExecuteAsync(IEnumerable`1 commandBatches, IRelationalConnection connection, CancellationToken cancellationToken)
   at Microsoft.EntityFrameworkCore.Update.Internal.BatchExecutor.ExecuteAsync(IEnumerable`1 commandBatches, IRelationalConnection connection, CancellationToken cancellationToken)
   at Microsoft.EntityFrameworkCore.Storage.RelationalDatabase.SaveChangesAsync(IList`1 entries, CancellationToken cancellationToken)
   at Microsoft.EntityFrameworkCore.ChangeTracking.Internal.StateManager.SaveChangesAsync(IList`1 entriesToSave, CancellationToken cancellationToken)
   at Microsoft.EntityFrameworkCore.ChangeTracking.Internal.StateManager.SaveChangesAsync(StateManager stateManager, Boolean acceptAllChangesOnSuccess, CancellationToken cancellationToken)
   at Microsoft.EntityFrameworkCore.Storage.ExecutionStrategy.<>c__DisplayClass30_0`2.<<ExecuteAsync>b__0>d.MoveNext()
--- End of stack trace from previous location ---
   at Microsoft.EntityFrameworkCore.Storage.ExecutionStrategy.ExecuteImplementationAsync[TState,TResult](Func`4 operation, Func`4 verifySucceeded, TState state, CancellationToken cancellationToken)
   at Microsoft.EntityFrameworkCore.Storage.ExecutionStrategy.ExecuteImplementationAsync[TState,TResult](Func`4 operation, Func`4 verifySucceeded, TState state, CancellationToken cancellationToken)
   at Microsoft.EntityFrameworkCore.Storage.ExecutionStrategy.ExecuteAsync[TState,TResult](TState state, Func`4 operation, Func`4 verifySucceeded, CancellationToken cancellationToken)
   at Microsoft.EntityFrameworkCore.DbContext.SaveChangesAsync(Boolean acceptAllChangesOnSuccess, CancellationToken cancellationToken)
   at Microsoft.EntityFrameworkCore.DbContext.SaveChangesAsync(Boolean acceptAllChangesOnSuccess, CancellationToken cancellationToken)
   at Titan.Infrastructure.Data.ApplicationDbContext.SaveChangesAsync(CancellationToken cancellationToken) in D:\TestAPI(REfreshToken\Titan\Titan.Infrastructure\Data\ApplicationDbContext.cs:line 187
   at Titan.Infrastructure.Data.DbSeeder.SeedFullTestDataAsync(ApplicationDbContext context) in D:\TestAPI(REfreshToken\Titan\Titan.Infrastructure\Data\DbSeeder.cs:line 181
   at Titan.Infrastructure.Data.DbSeeder.SeedAsync(IServiceProvider serviceProvider) in D:\TestAPI(REfreshToken\Titan\Titan.Infrastructure\Data\DbSeeder.cs:line 25
2026-04-30 11:54:05.317 +03:00 [WRN] Compiling a query which loads related collections for more than one collection navigation, either via 'Include' or through projection, but no 'QuerySplittingBehavior' has been configured. By default, Entity Framework will use 'QuerySplittingBehavior.SingleQuery', which can potentially result in slow query performance. See https://go.microsoft.com/fwlink/?linkid=2134277 for more information. To identify the query that's triggering this warning call 'ConfigureWarnings(w => w.Throw(RelationalEventId.MultipleCollectionIncludeWarning))'.
2026-04-30 11:54:06.325 +03:00 [WRN] Compiling a query which loads related collections for more than one collection navigation, either via 'Include' or through projection, but no 'QuerySplittingBehavior' has been configured. By default, Entity Framework will use 'QuerySplittingBehavior.SingleQuery', which can potentially result in slow query performance. See https://go.microsoft.com/fwlink/?linkid=2134277 for more information. To identify the query that's triggering this warning call 'ConfigureWarnings(w => w.Throw(RelationalEventId.MultipleCollectionIncludeWarning))'.
2026-04-30 12:08:06.696 +03:00 [WRN] The query uses a row limiting operator ('Skip'/'Take') without an 'OrderBy' operator. This may lead to unpredictable results. If the 'Distinct' operator is used after 'OrderBy', then make sure to use the 'OrderBy' operator after 'Distinct' as the ordering would otherwise get erased.
2026-04-30 12:10:18.218 +03:00 [ERR] An unhandled exception has occurred while executing the request.
System.InvalidOperationException: Unable to resolve service for type 'Titan.Application.Interfaces.IRecommendationService' while attempting to activate 'Titan.API.Controllers.RecommendationsController'.
   at Microsoft.Extensions.DependencyInjection.ActivatorUtilities.ThrowHelperUnableToResolveService(Type type, Type requiredBy)
   at lambda_method2767(Closure, IServiceProvider, Object[])
   at Microsoft.AspNetCore.Mvc.Controllers.ControllerFactoryProvider.<>c__DisplayClass6_0.<CreateControllerFactory>g__CreateController|0(ControllerContext controllerContext)
   at Microsoft.AspNetCore.Mvc.Infrastructure.ControllerActionInvoker.Next(State& next, Scope& scope, Object& state, Boolean& isCompleted)
   at Microsoft.AspNetCore.Mvc.Infrastructure.ControllerActionInvoker.InvokeInnerFilterAsync()
--- End of stack trace from previous location ---
   at Microsoft.AspNetCore.Mvc.Infrastructure.ResourceInvoker.<InvokeFilterPipelineAsync>g__Awaited|20_0(ResourceInvoker invoker, Task lastTask, State next, Scope scope, Object state, Boolean isCompleted)
   at Microsoft.AspNetCore.Mvc.Infrastructure.ResourceInvoker.<InvokeAsync>g__Awaited|17_0(ResourceInvoker invoker, Task task, IDisposable scope)
   at Microsoft.AspNetCore.Mvc.Infrastructure.ResourceInvoker.<InvokeAsync>g__Awaited|17_0(ResourceInvoker invoker, Task task, IDisposable scope)
   at Microsoft.AspNetCore.Authorization.AuthorizationMiddleware.Invoke(HttpContext context)
   at Microsoft.AspNetCore.Authentication.AuthenticationMiddleware.Invoke(HttpContext context)
   at Swashbuckle.AspNetCore.SwaggerUI.SwaggerUIMiddleware.Invoke(HttpContext httpContext)
   at Swashbuckle.AspNetCore.Swagger.SwaggerMiddleware.Invoke(HttpContext httpContext, ISwaggerProvider swaggerProvider)
   at Microsoft.AspNetCore.Diagnostics.DeveloperExceptionPageMiddlewareImpl.Invoke(HttpContext context)
